2023-12-22T09:18:02.847841804Z [34m
2023-12-22T09:18:02.847899532Z â–ˆâ–ˆâ–ˆâ–ˆâ–ˆâ–ˆâ–ˆâ•—â–ˆâ–ˆâ–ˆâ–ˆâ–ˆâ–ˆâ•—â–‘â–‘â–ˆâ–ˆâ–ˆâ–ˆâ–ˆâ–ˆâ•—â–‘â–ˆâ–ˆâ–ˆâ–ˆâ–ˆâ–ˆâ–ˆâ–ˆâ•—â–ˆâ–ˆâ•—â–ˆâ–ˆâ–ˆâ–ˆâ–ˆâ–ˆâ–ˆâ•—â–ˆâ–ˆâ•—â–‘â–‘â–‘â–ˆâ–ˆâ•—
2023-12-22T09:18:02.847908479Z â–ˆâ–ˆâ•”â•â•â•â•â•â–ˆâ–ˆâ•”â•â•â–ˆâ–ˆâ•—â–ˆâ–ˆâ•”â•â•â•â–ˆâ–ˆâ•—â•šâ•â•â–ˆâ–ˆâ•”â•â•â•â–ˆâ–ˆâ•‘â–ˆâ–ˆâ•”â•â•â•â•â•â•šâ–ˆâ–ˆâ•—â–‘â–ˆâ–ˆâ•”â•
2023-12-22T09:18:02.847914290Z â–ˆâ–ˆâ–ˆâ–ˆâ–ˆâ–ˆâ–ˆâ•—â–ˆâ–ˆâ–ˆâ–ˆâ–ˆâ–ˆâ•”â•â–ˆâ–ˆâ•‘â–‘â–‘â–‘â–ˆâ–ˆâ•‘â–‘â–‘â–‘â–ˆâ–ˆâ•‘â–‘â–‘â–‘â–ˆâ–ˆâ•‘â–ˆâ–ˆâ–ˆâ–ˆâ–ˆâ•—â–‘â–‘â–‘â•šâ–ˆâ–ˆâ–ˆâ–ˆâ•”â•â–‘
2023-12-22T09:18:02.847919790Z â•šâ•â•â•â•â–ˆâ–ˆâ•‘â–ˆâ–ˆâ•”â•â•â•â•â–‘â–ˆâ–ˆâ•‘â–‘â–‘â–‘â–ˆâ–ˆâ•‘â–‘â–‘â–‘â–ˆâ–ˆâ•‘â–‘â–‘â–‘â–ˆâ–ˆâ•‘â–ˆâ–ˆâ•”â•â•â•â–‘â–‘â–‘â–‘â•šâ–ˆâ–ˆâ•”â•â–‘â–‘
2023-12-22T09:18:02.847925761Z â–ˆâ–ˆâ–ˆâ–ˆâ–ˆâ–ˆâ–ˆâ•‘â–ˆâ–ˆâ•‘â–‘â–‘â–‘â–‘â–‘â•šâ–ˆâ–ˆâ–ˆâ–ˆâ–ˆâ–ˆâ•”â•â–‘â–‘â–‘â–ˆâ–ˆâ•‘â–‘â–‘â–‘â–ˆâ–ˆâ•‘â–ˆâ–ˆâ•‘â–‘â–‘â–‘â–‘â–‘â–‘â–‘â–‘â–ˆâ–ˆâ•‘â–‘â–‘â–‘
2023-12-22T09:18:02.847931603Z â•šâ•â•â•â•â•â•â•â•šâ•â•â–‘â–‘â–‘â–‘â–‘â–‘â•šâ•â•â•â•â•â•â–‘â–‘â–‘â–‘â•šâ•â•â–‘â–‘â–‘â•šâ•â•â•šâ•â•â–‘â–‘â–‘â–‘â–‘â–‘â–‘â–‘â•šâ•â•â–‘â–‘â–‘
2023-12-22T09:18:02.847936932Z [0m
2023-12-22T09:18:02.848265748Z [93m[INFO] Handler loaded: application_commands.js[0m
2023-12-22T09:18:02.863333832Z [32mLoaded application command: delete-data.js.[0m
2023-12-22T09:18:02.864096750Z [32mLoaded application command: disconnect.js.[0m
2023-12-22T09:18:02.864581086Z [32mLoaded application command: invite.js.[0m
2023-12-22T09:18:02.865481922Z [32mLoaded application command: join.js.[0m
2023-12-22T09:18:02.866014869Z [32mLoaded application command: status.js.[0m
2023-12-22T09:18:02.866572593Z [discord.js-v14-helper] Started registering application commands...
2023-12-22T09:18:02.867945802Z [93m[INFO] Handler loaded: database.js[0m
2023-12-22T09:18:02.868883597Z [discord.js-v14-helper] Started connecting to MongoDB...
2023-12-22T09:18:02.881203279Z [93m[INFO] Handler loaded: events.js[0m
2023-12-22T09:18:02.882275355Z [32mLoaded client event: application_commands.js.[0m
2023-12-22T09:18:02.882649235Z [32mLoaded client event: interactions.js.[0m
2023-12-22T09:18:02.883171282Z [32mLoaded client event: onjoinguild.js.[0m
2023-12-22T09:18:02.885147419Z [32mLoaded client event: ready.js.[0m
2023-12-22T09:18:02.886027866Z Server is ready on port 3000
2023-12-22T09:18:03.427796689Z [discord.js-v14-helper] Successfully registered application commands.
2023-12-22T09:18:03.427883080Z > Took to register app commands: 561 ms
2023-12-22T09:18:03.457168467Z [discord.js-v14-helper] Successfully connected to MongoDB.
2023-12-22T09:18:03.850776657Z Logged in as Fivem_Cheaters_Detection#6320!
2023-12-22T09:18:03.851173329Z > Servers: 5

